<?xml version="1.0" encoding="UTF-8"?>
<testsuite xmlns:xsi="http://www.w3.org/2001/XMLSchema-instance" xsi:noNamespaceSchemaLocation="https://maven.apache.org/surefire/maven-surefire-plugin/xsd/surefire-test-report-3.0.xsd" version="3.0" name="uaslp.objetos.list.linkedlist.LinkedListTest" time="0.533" tests="13" errors="0" skipped="0" failures="0">
  <properties>
[...]
</properties>
  <testcase name="givenAnEmptyList_whenAddAtTail_thenElementIsInserted" classname="uaslp.objetos.list.linkedlist.LinkedListTest" time="0.168"/>
  <testcase name="givenAListWithElements_whenRemoveAllWithValue_thenElementsIsRemoved" classname="uaslp.objetos.list.linkedlist.LinkedListTest" time="0.021"/>
  <testcase name="givenAListWithElement_whenRemove_thenElementIsRemoved" classname="uaslp.objetos.list.linkedlist.LinkedListTest" time="0.01"/>
  <testcase name="givenAList_whenAddAtTailANullValue_thenExceptionIsThrown" classname="uaslp.objetos.list.linkedlist.LinkedListTest" time="0.011"/>
  <testcase name="givenAList_whenAddAtFrontANullValue_thenExceptionIsThrown" classname="uaslp.objetos.list.linkedlist.LinkedListTest" time="0.004"/>
  <testcase name="givenAListWith3Elements_whenRemoveAtTail_thenElementIsRemoved" classname="uaslp.objetos.list.linkedlist.LinkedListTest" time="0.005"/>
  <testcase name="givenANonEmptyList_whenAddAtTail_thenElementIsInserted" classname="uaslp.objetos.list.linkedlist.LinkedListTest" time="0.034"/>
  <testcase name="givenAList_whenRemoveAWrongIndex_thenExceptionIsThrown" classname="uaslp.objetos.list.linkedlist.LinkedListTest" time="0.011"/>
  <testcase name="givenAnEmptyList_whenAddAtFront_thenElementIsInserted" classname="uaslp.objetos.list.linkedlist.LinkedListTest" time="0.005"/>
  <testcase name="givenAListWithData_whenRemoveAWrongIndex_thenExceptionIsThrown" classname="uaslp.objetos.list.linkedlist.LinkedListTest" time="0.003"/>
  <testcase name="givenAListWith3Elements_whenRemoveAtHead_thenElementIsRemoved" classname="uaslp.objetos.list.linkedlist.LinkedListTest" time="0.01"/>
  <testcase name="givenAListWith3Elements_whenRemoveAtMiddle_thenElementIsRemoved" classname="uaslp.objetos.list.linkedlist.LinkedListTest" time="0.01"/>
  <testcase name="givenANonEmptyList_whenAddAtFront_thenElementIsInserted" classname="uaslp.objetos.list.linkedlist.LinkedListTest" time="0.005"/>
</testsuite>